{
  "RSpec": {
    "coverage": {
      "/mnt/4321388F3662C680/UG/5 semestr/Testowanie aplikacji Ruby/Laboratoria/MyRSpec/MergeSort/lib/merge_sort.rb": [
        1,
        null,
        1,
        1,
        177,
        75,
        75,
        75,
        75,
        null,
        null
      ],
      "/mnt/4321388F3662C680/UG/5 semestr/Testowanie aplikacji Ruby/Laboratoria/MyRSpec/MergeSort/lib/merge.rb": [
        1,
        80,
        80,
        135,
        null,
        80,
        null
      ],
      "/mnt/4321388F3662C680/UG/5 semestr/Testowanie aplikacji Ruby/Laboratoria/MyRSpec/MergeSort/spec/int_array_merge_sort_spec.rb": [
        1,
        1,
        null,
        1,
        null,
        1,
        1,
        1,
        1,
        null,
        null,
        1,
        1,
        null,
        null,
        1,
        1,
        null,
        null,
        1,
        1,
        null,
        null,
        1,
        1,
        null,
        null,
        1,
        1,
        null,
        null,
        1,
        1,
        1,
        null,
        null,
        1,
        1,
        1,
        null,
        null,
        null
      ],
      "/mnt/4321388F3662C680/UG/5 semestr/Testowanie aplikacji Ruby/Laboratoria/MyRSpec/MergeSort/spec/merge_sort_spec.rb": [
        1,
        1,
        null,
        1,
        null,
        1,
        1,
        1,
        2,
        null,
        null,
        1,
        1,
        null,
        null,
        1,
        1,
        1,
        1,
        null,
        null,
        null
      ],
      "/mnt/4321388F3662C680/UG/5 semestr/Testowanie aplikacji Ruby/Laboratoria/MyRSpec/MergeSort/spec/merge_spec.rb": [
        1,
        1,
        null,
        1,
        null,
        1,
        1,
        1,
        1,
        null,
        null,
        1,
        1,
        1,
        1,
        1,
        null,
        null,
        1,
        1,
        1,
        1,
        1,
        null,
        null,
        1,
        1,
        1,
        1,
        1,
        null,
        null,
        1,
        1,
        1,
        1,
        1,
        null,
        null,
        null
      ],
      "/mnt/4321388F3662C680/UG/5 semestr/Testowanie aplikacji Ruby/Laboratoria/MyRSpec/MergeSort/spec/string_array_merge_sort_spec.rb": [
        1,
        1,
        null,
        1,
        null,
        1,
        1,
        1,
        1,
        null,
        null,
        1,
        1,
        null,
        null,
        1,
        1,
        null,
        null,
        1,
        1,
        null,
        null,
        1,
        1,
        1,
        1,
        null,
        null,
        1,
        1,
        1,
        1,
        null,
        null,
        1,
        1,
        1,
        null,
        null,
        1,
        1,
        1,
        null,
        null,
        null
      ]
    },
    "timestamp": 1509635210
  }
}
